=~=~=~=~=~=~=~=~=~=~=~= PuTTY log 2020.07.22 19:55:38 =~=~=~=~=~=~=~=~=~=~=~=
OLA
Saving data, wait a bit
Pos velocidade pos_c velo_c ang
24.327 0.0000000 24.327 0.0000000   90.8
25.454 -0.0142857 25.454 -0.0142857   90.2
24.553 0.0142857 24.553 0.0142857   90.5
26.763 -0.0285714 26.763 -0.0285714   90.0
25.810 0.0142857 25.810 0.0142857   90.6
26.707 -0.0142857 26.707 -0.0142857   90.5
28.672 -0.0285714 28.672 -0.0285714   90.4
30.869 -0.0285714 30.869 -0.0285714   89.8
31.823 -0.0142857 31.823 -0.0142857   89.3
33.842 -0.0285714 33.842 -0.0285714   91.3
33.251 0.0000000 33.251 0.0000000   88.9
36.103 -0.0428571 36.103 -0.0428571   88.3
36.594 0.0000000 36.594 0.0000000   90.1
37.310 -0.0142857 37.310 -0.0142857   87.4
37.888 0.0000000 37.888 0.0000000   90.1
38.194 -0.0142857 38.194 -0.0142857   88.0
38.010 0.0000000 38.010 0.0000000   89.0
38.543 0.0000000 38.543 0.0000000   88.8
38.978 0.0000000 38.978 0.0000000   89.2
38.017 0.0000000 38.017 0.0000000   89.0
38.667 0.0000000 38.667 0.0000000   88.8
37.599 0.0142857 37.599 0.0142857   88.8
37.241 0.0000000 37.241 0.0000000   88.8
37.245 0.0000000 37.245 0.0000000   89.1
35.865 0.0285714 35.865 0.0285714   88.8
36.044 -0.0142857 36.044 -0.0142857   88.9
35.337 0.0142857 35.337 0.0142857   88.9
34.025 0.0142857 34.025 0.0142857   88.4
33.484 0.0142857 33.484 0.0142857   88.8
31.586 0.0285714 31.586 0.0285714   88.6
31.337 0.0000000 31.337 0.0000000   91.6
29.736 0.0285714 29.736 0.0285714   88.5
28.551 0.0142857 28.551 0.0142857   89.5
27.724 0.0142857 27.724 0.0142857   90.7
26.578 0.0142857 26.578 0.0142857   89.5
24.560 0.0285714 24.560 0.0285714   90.6
24.439 0.0000000 24.439 0.0000000   90.6
25.625 -0.0142857 25.625 -0.0142857   92.2
23.486 0.0285714 23.486 0.0285714   90.1
22.412 0.0142857 22.412 0.0142857   90.1
22.473 0.0000000 22.473 0.0000000   93.2
21.758 0.0142857 21.758 0.0142857   89.6
21.218 0.0000000 21.218 0.0000000   90.3
21.046 0.0000000 21.046 0.0000000   91.3
19.614 0.0285714 19.614 0.0285714   91.2
20.859 -0.0142857 20.859 -0.0142857   91.0
20.449 0.0000000 20.449 0.0000000   90.9
32.363 -0.1714286 20.449 0.0000000   90.9
22.414 0.1428571 20.449 0.0000000   89.5
21.162 0.0142857 21.162 0.0142857   92.4
19.320 0.0285714 19.320 0.0285714   91.3
19.202 0.0000000 19.202 0.0000000   89.8
17.290 0.0285714 17.290 0.0285714   94.1
17.529 0.0000000 17.529 0.0000000   90.8
18.476 -0.0142857 18.476 -0.0142857   91.4
18.061 0.0000000 18.061 0.0000000   91.7
17.769 0.0142857 17.769 0.0142857   91.2
17.108 0.0000000 17.108 0.0000000   91.3
19.964 -0.0285714 19.964 -0.0285714   91.3
22.828 -0.0428571 22.828 -0.0428571   91.2
21.101 0.0142857 21.101 0.0142857   91.0
19.433 0.0285714 19.433 0.0285714   88.8
20.686 -0.0142857 20.686 -0.0142857   91.1
19.197 0.0142857 19.197 0.0142857   91.4
20.504 -0.0142857 20.504 -0.0142857   90.9
21.765 -0.0142857 21.765 -0.0142857   91.6
21.281 0.0000000 21.281 0.0000000   91.5
21.282 0.0000000 21.282 0.0000000   91.3
22.182 -0.0142857 22.182 -0.0142857   91.7
23.130 -0.0142857 23.130 -0.0142857   90.6
22.416 0.0142857 22.416 0.0142857   89.7
23.366 -0.0142857 23.366 -0.0142857   91.0
24.261 -0.0142857 24.261 -0.0142857   90.8
24.851 0.0000000 24.851 0.0000000   90.8
24.137 0.0000000 24.137 0.0000000   90.6
25.690 -0.0142857 25.690 -0.0142857   90.5
25.930 0.0000000 25.930 0.0000000   90.6
25.397 0.0000000 25.397 0.0000000   90.2
26.224 -0.0142857 26.224 -0.0142857   90.8
27.420 -0.0142857 27.420 -0.0142857   90.9
28.190 -0.0142857 28.190 -0.0142857   90.7
28.962 0.0000000 28.962 0.0000000   90.5
29.737 -0.0142857 29.737 -0.0142857   90.2
30.337 -0.0142857 30.337 -0.0142857   90.5
30.574 0.0000000 30.574 0.0000000   89.4
30.635 0.0000000 30.635 0.0000000   89.8
31.518 -0.0142857 31.518 -0.0142857   89.9
31.938 0.0000000 31.938 0.0000000   89.8
32.303 -0.0142857 32.303 -0.0142857   89.6
32.890 0.0000000 32.890 0.0000000   89.7
32.786 0.0000000 32.786 0.0000000   89.7
32.844 0.0000000 32.844 0.0000000   89.8
33.306 -0.0142857 33.306 -0.0142857   89.7
33.313 0.0000000 33.313 0.0000000   89.6
32.843 0.0142857 32.843 0.0142857   89.8
32.772 0.0000000 32.772 0.0000000   89.4
33.490 -0.0142857 33.490 -0.0142857   89.3
32.888 0.0142857 32.888 0.0142857   89.9
31.946 0.0142857 31.946 0.0142857   89.9
32.301 -0.0142857 32.301 -0.0142857   89.5
33.427 -0.0142857 33.427 -0.0142857   89.6
31.526 0.0285714 31.526 0.0285714   89.4
32.723 -0.0142857 32.723 -0.0142857   89.5
32.056 0.0000000 32.056 0.0000000   90.0
31.045 0.0142857 31.045 0.0142857   89.6
31.587 0.0000000 31.587 0.0000000   89.6
31.406 0.0000000 31.406 0.0000000   89.5
30.693 0.0142857 30.693 0.0142857   89.8
30.756 0.0000000 30.756 0.0000000   89.6
30.863 0.0000000 30.863 0.0000000   90.0
30.033 0.0000000 30.033 0.0000000   89.7
29.619 0.0142857 29.619 0.0142857   89.9
29.141 0.0000000 29.141 0.0000000   89.7
29.088 0.0000000 29.088 0.0000000   89.6
28.069 0.0142857 28.069 0.0142857   90.0
27.122 0.0142857 27.122 0.0142857   89.9
27.058 0.0000000 27.058 0.0000000   89.4
27.357 0.0000000 27.357 0.0000000   91.8
26.342 0.0142857 26.342 0.0142857   90.0
26.877 0.0000000 26.877 0.0000000   90.8
26.163 0.0000000 26.163 0.0000000   90.3
26.403 0.0000000 26.403 0.0000000   90.9
25.453 0.0142857 25.453 0.0142857   90.7
25.922 0.0000000 25.922 0.0000000   90.8
26.045 -0.0142857 26.045 -0.0142857   90.5
24.918 0.0285714 24.918 0.0285714   90.7
26.874 -0.0285714 26.874 -0.0285714   90.4
25.867 0.0142857 25.867 0.0142857   90.9
26.226 -0.0142857 26.226 -0.0142857   90.4
26.574 0.0000000 26.574 0.0000000   90.7
27.292 -0.0142857 27.292 -0.0142857   90.7
27.182 0.0000000 27.182 0.0000000   90.7
27.539 0.0000000 27.539 0.0000000   90.8
27.953 0.0000000 27.953 0.0000000   90.7
27.957 0.0000000 27.957 0.0000000   90.5
29.200 -0.0285714 29.200 -0.0285714   91.4
29.914 0.0000000 29.914 0.0000000   89.7
33.555 -0.0571429 33.555 -0.0571429   89.1
33.963 0.0000000 33.963 0.0000000   89.7
36.472 -0.0428571 36.472 -0.0428571   88.4
38.790 -0.0285714 38.790 -0.0285714   89.8
39.744 -0.0142857 39.744 -0.0142857   87.5
42.310 -0.0428571 42.310 -0.0428571   89.6
44.198 -0.0285714 44.198 -0.0285714   87.1
45.638 -0.0142857 45.638 -0.0142857   87.0
47.607 -0.0285714 47.607 -0.0285714   88.0
48.142 -0.0142857 48.142 -0.0142857   87.7
49.746 -0.0142857 49.746 -0.0142857   87.2
50.225 -0.0142857 50.225 -0.0142857   87.2
50.943 0.0000000 50.943 0.0000000   87.9
50.579 0.0000000 50.579 0.0000000   87.3
49.997 0.0142857 49.997 0.0142857   86.8
49.700 0.0000000 49.700 0.0000000   86.5
48.794 0.0142857 48.794 0.0142857   87.6
48.080 0.0000000 48.080 0.0000000   87.6
47.190 0.0142857 47.190 0.0142857   87.9
46.123 0.0142857 46.123 0.0142857   87.4
44.807 0.0285714 44.807 0.0285714   87.2
41.601 0.0428571 41.601 0.0428571   86.1
39.862 0.0285714 39.862 0.0285714   89.1
38.550 0.0142857 38.550 0.0142857   88.8
36.303 0.0285714 36.303 0.0285714   88.2
34.749 0.0285714 34.749 0.0285714   88.6
32.303 0.0285714 32.303 0.0285714   90.6
30.207 0.0285714 30.207 0.0285714   88.5
28.066 0.0285714 28.066 0.0285714   89.1
25.392 0.0428571 25.392 0.0428571   90.3
24.620 0.0142857 24.620 0.0142857   90.2
23.124 0.0142857 23.124 0.0142857   92.3
22.061 0.0142857 22.061 0.0142857   89.9
20.685 0.0285714 20.685 0.0285714   90.4
17.534 0.0428571 17.534 0.0428571   90.6
14.907 0.0428571 14.907 0.0428571   92.5
11.513 0.0428571 11.513 0.0428571   91.0
10.978 0.0142857 10.978 0.0142857   92.0
 9.726 0.0142857  9.726 0.0142857   92.5
 9.133 0.0000000  9.133 0.0000000   92.1
 8.063 0.0142857  8.063 0.0142857   92.4
 8.002 0.0000000  8.002 0.0000000   92.0
 6.871 0.0285714  6.871 0.0285714   92.9
 7.284 -0.0142857  7.284 -0.0142857   92.5
 7.407 0.0000000  7.407 0.0000000   93.4
 7.347 0.0000000  7.347 0.0000000   93.2
 8.477 -0.0142857  8.477 -0.0142857   93.3
 9.308 -0.0142857  9.308 -0.0142857   93.2
 9.908 0.0000000  9.908 0.0000000   93.1
11.157 -0.0285714 11.157 -0.0285714   92.5
13.123 -0.0285714 13.123 -0.0285714   92.5
18.122 -0.0714286 18.122 -0.0714286   91.9
18.658 0.0000000 18.658 0.0000000   91.4
21.403 -0.0428571 21.403 -0.0428571   90.5
22.711 -0.0142857 22.711 -0.0142857   92.7
24.436 -0.0285714 24.436 -0.0285714   89.2
24.557 0.0000000 24.557 0.0000000   91.3
26.352 -0.0285714 26.352 -0.0285714   90.1
28.310 -0.0285714 28.310 -0.0285714   90.1
29.745 -0.0142857 29.745 -0.0142857   89.6
30.691 -0.0142857 30.691 -0.0142857   89.7
31.939 -0.0142857 31.939 -0.0142857   90.1
34.092 -0.0428571 34.092 -0.0428571   90.4
37.360 -0.0428571 37.360 -0.0428571   89.0
38.433 -0.0142857 38.433 -0.0142857   88.3
39.270 -0.0142857 39.270 -0.0142857   88.5
41.360 -0.0285714 41.360 -0.0285714   88.4
42.891 -0.0142857 42.891 -0.0142857   88.1
43.845 -0.0142857 43.845 -0.0142857   88.4
44.635 -0.0142857 44.635 -0.0142857   88.3
45.273 -0.0142857 45.273 -0.0142857   87.6
45.700 0.0000000 45.700 0.0000000   88.3
45.879 0.0000000 45.879 0.0000000   87.5
45.877 0.0000000 45.877 0.0000000   87.4
45.287 0.0000000 45.287 0.0000000   87.8
44.980 0.0142857 44.980 0.0142857   87.8
44.097 0.0000000 44.097 0.0000000   88.4
44.330 0.0000000 44.330 0.0000000   87.7
43.131 0.0142857 43.131 0.0142857   87.8
42.726 0.0142857 42.726 0.0142857   88.0
41.242 0.0142857 41.242 0.0142857   87.9
39.739 0.0285714 39.739 0.0285714   87.9
38.075 0.0142857 38.075 0.0142857   87.4
36.712 0.0285714 36.712 0.0285714   90.6
36.110 0.0000000 36.110 0.0000000   88.1
33.319 0.0428571 33.319 0.0428571   89.9
32.058 0.0142857 32.058 0.0142857   88.0
30.867 0.0285714 30.867 0.0285714   91.8
29.144 0.0142857 29.144 0.0142857   88.5
27.472 0.0285714 27.472 0.0285714   89.2
26.586 0.0142857 26.586 0.0142857   89.8
24.436 0.0285714 24.436 0.0285714   90.9
23.778 0.0142857 23.778 0.0142857   90.0
22.413 0.0142857 22.413 0.0142857   90.2
22.292 0.0000000 22.292 0.0000000   90.8
19.616 0.0428571 19.616 0.0428571   90.4
18.723 0.0142857 18.723 0.0142857   91.3
16.577 0.0285714 16.577 0.0285714   92.5
13.718 0.0428571 13.718 0.0428571   90.3
12.828 0.0142857 12.828 0.0142857   92.4
11.513 0.0142857 11.513 0.0142857   92.7
11.279 0.0000000 11.279 0.0000000   90.7
10.980 0.0142857 10.980 0.0142857   92.5
10.266 0.0000000 10.266 0.0000000   92.1
10.619 0.0000000 10.619 0.0000000   92.1
10.264 0.0000000 10.264 0.0000000   92.3
10.797 0.0000000 10.797 0.0000000   91.8
10.679 0.0000000 10.679 0.0000000   92.1
11.515 -0.0142857 11.515 -0.0142857   91.9
11.578 0.0000000 11.578 0.0000000   92.0
13.125 -0.0285714 13.125 -0.0285714   92.1
14.313 -0.0142857 14.313 -0.0142857   91.9
15.626 -0.0142857 15.626 -0.0142857   91.2
17.468 -0.0285714 17.468 -0.0285714   92.2
22.828 -0.0714286 22.828 -0.0714286   91.5
21.102 0.0142857 21.102 0.0142857   90.8
20.685 0.0142857 20.685 0.0142857   89.2
23.484 -0.0428571 23.484 -0.0428571   93.3
24.084 -0.0142857 24.084 -0.0142857   90.1
24.913 0.0000000 24.913 0.0000000   89.6
24.615 0.0000000 24.615 0.0000000   92.1
25.337 -0.0142857 25.337 -0.0142857   90.0
26.583 -0.0142857 26.583 -0.0142857   90.6
27.766 -0.0142857 27.766 -0.0142857   90.6
28.545 -0.0142857 28.545 -0.0142857   91.1
29.325 -0.0142857 29.325 -0.0142857   90.6
30.992 -0.0142857 30.992 -0.0142857   90.3
32.004 -0.0285714 32.004 -0.0285714   90.2
33.900 -0.0142857 33.900 -0.0142857   89.4
33.610 0.0000000 33.610 0.0000000   89.0
34.859 -0.0142857 34.859 -0.0142857   90.1
36.411 -0.0285714 36.411 -0.0285714   89.7
35.810 0.0142857 35.810 0.0142857   88.8
36.286 -0.0142857 36.286 -0.0142857   88.8
37.423 -0.0142857 37.423 -0.0142857   89.0
37.180 0.0000000 37.180 0.0000000   88.5
37.173 0.0000000 37.173 0.0000000   88.8
36.709 0.0142857 36.709 0.0142857   88.9
37.478 -0.0142857 37.478 -0.0142857   89.6
36.768 0.0142857 36.768 0.0142857   88.8
36.887 0.0000000 36.887 0.0000000   88.9
36.470 0.0000000 36.470 0.0000000   89.2
35.501 0.0142857 35.501 0.0142857   89.0
34.971 0.0142857 34.971 0.0142857   88.9
34.197 0.0000000 34.197 0.0000000   88.9
33.846 0.0142857 33.846 0.0142857   89.0
32.534 0.0142857 32.534 0.0142857   88.9
30.688 0.0285714 30.688 0.0285714   91.0
30.569 0.0000000 30.569 0.0000000   89.1
29.499 0.0142857 29.499 0.0142857   89.8
28.426 0.0142857 28.426 0.0142857   89.2
27.714 0.0142857 27.714 0.0142857   89.5
26.169 0.0142857 26.169 0.0142857   91.3
25.926 0.0142857 25.926 0.0142857   90.2
24.138 0.0142857 24.138 0.0142857   90.8
23.731 0.0142857 23.731 0.0142857   90.2
24.319 -0.0142857 24.319 -0.0142857   90.1
22.832 0.0285714 22.832 0.0285714   90.9
23.963 -0.0142857 23.963 -0.0142857   90.6
23.901 0.0000000 23.901 0.0000000   90.9
22.180 0.0142857 22.180 0.0142857   91.2
21.823 0.0142857 21.823 0.0142857   90.9
21.518 0.0000000 21.518 0.0000000   90.9
21.281 0.0000000 21.281 0.0000000   90.9
21.578 0.0000000 21.578 0.0000000   90.9
21.518 0.0000000 21.518 0.0000000   91.1
20.686 0.0142857 20.686 0.0142857   90.7
21.638 -0.0142857 21.638 -0.0142857   90.8
21.761 0.0000000 21.761 0.0000000   91.2
22.348 -0.0142857 22.348 -0.0142857   91.1
21.693 0.0142857 21.693 0.0142857   91.5
21.934 0.0000000 21.934 0.0000000   91.2
22.173 -0.0142857 22.173 -0.0142857   91.3
22.472 0.0000000 22.472 0.0000000   91.0
22.356 0.0000000 22.356 0.0000000   91.3
22.716 0.0000000 22.716 0.0000000   91.3
23.545 -0.0142857 23.545 -0.0142857   91.4
23.548 0.0000000 23.548 0.0000000   91.1
23.665 0.0000000 23.665 0.0000000   90.4
25.088 -0.0285714 25.088 -0.0285714   90.3
24.852 0.0142857 24.852 0.0142857   90.8
25.923 -0.0142857 25.923 -0.0142857   90.8
25.387 0.0000000 25.387 0.0000000   90.4
26.227 -0.0142857 26.227 -0.0142857   90.9
26.586 0.0000000 26.586 0.0000000   90.5
28.251 -0.0285714 28.251 -0.0285714   90.2
29.023 -0.0142857 29.023 -0.0142857   89.8
28.966 0.0142857 28.966 0.0142857   89.2
30.929 -0.0285714 30.929 -0.0285714   90.7
30.567 0.0000000 30.567 0.0000000   89.1
30.571 0.0000000 30.571 0.0000000   90.3
31.773 -0.0142857 31.773 -0.0142857   90.2
31.591 0.0000000 31.591 0.0000000   89.7
31.831 0.0000000 31.831 0.0000000   90.1
31.526 0.0000000 31.526 0.0000000   89.8
31.526 0.0000000 31.526 0.0000000   89.6
31.524 0.0000000 31.524 0.0000000   89.8
31.055 0.0000000 31.055 0.0000000   90.2
31.830 0.0000000 31.830 0.0000000   90.0
32.542 -0.0142857 32.542 -0.0142857   89.2
31.103 0.0142857 31.103 0.0142857   89.5
31.411 0.0000000 31.411 0.0000000   89.6
30.691 0.0142857 30.691 0.0142857   89.4
31.406 -0.0142857 31.406 -0.0142857   89.6
30.218 0.0142857 30.218 0.0142857   89.7
30.279 0.0000000 30.279 0.0000000   89.5
29.858 0.0142857 29.858 0.0142857   89.6
28.959 0.0142857 28.959 0.0142857   89.5
28.902 0.0000000 28.902 0.0000000   90.1
28.362 0.0000000 28.362 0.0000000   89.8
28.125 0.0000000 28.125 0.0000000   90.2
27.109 0.0142857 27.109 0.0142857   89.6
27.295 0.0000000 27.295 0.0000000   89.2
