=~=~=~=~=~=~=~=~=~=~=~= PuTTY log 2020.07.22 20:07:50 =~=~=~=~=~=~=~=~=~=~=~=
OLA
Saving data, wait a bit
Pos velocidade pos_c velo_c ang
25.089 -0.0285714 25.089 -0.0285714   90.7
24.140 0.0142857 24.140 0.0142857   90.1
27.654 -0.0428571 27.654 -0.0428571   90.8
27.357 0.0000000 27.357 0.0000000   90.0
27.832 0.0000000 27.832 0.0000000   91.0
32.182 -0.0714286 32.182 -0.0714286   90.5
35.105 -0.0428571 35.105 -0.0428571   89.7
35.102 0.0000000 35.102 0.0000000   88.3
37.061 -0.0285714 37.061 -0.0285714   90.8
36.645 0.0142857 36.645 0.0142857   88.1
39.319 -0.0428571 39.319 -0.0428571   88.3
40.871 -0.0142857 40.871 -0.0142857   88.1
41.469 -0.0142857 41.469 -0.0142857   88.9
40.162 0.0142857 40.162 0.0142857   88.7
44.278 -0.0571429 44.278 -0.0571429   88.3
44.280 0.0000000 44.280 0.0000000   87.1
44.620 0.0000000 44.620 0.0000000   86.9
44.630 0.0000000 44.630 0.0000000   88.8
44.029 0.0000000 44.029 0.0000000   87.7
44.091 0.0000000 44.091 0.0000000   87.3
43.130 0.0142857 43.130 0.0142857   87.8
41.952 0.0285714 41.952 0.0285714   87.6
41.066 0.0000000 41.066 0.0000000   88.0
40.462 0.0142857 40.462 0.0142857   90.0
38.427 0.0285714 38.427 0.0285714   88.2
37.661 0.0142857 37.661 0.0142857   89.5
36.344 0.0142857 36.344 0.0142857   88.8
34.552 0.0285714 34.552 0.0285714   88.3
33.971 0.0142857 33.971 0.0142857   89.9
32.066 0.0142857 32.066 0.0142857   89.4
30.150 0.0285714 30.150 0.0285714   89.4
29.020 0.0142857 29.020 0.0142857   89.7
28.253 0.0142857 28.253 0.0142857   91.6
25.747 0.0428571 25.747 0.0428571   89.1
25.092 0.0000000 25.092 0.0000000   89.9
24.019 0.0142857 24.019 0.0142857   91.8
22.591 0.0285714 22.591 0.0285714   90.0
21.819 0.0142857 21.819 0.0142857   90.6
20.149 0.0142857 20.149 0.0142857   92.4
20.331 0.0000000 20.331 0.0000000   90.7
18.897 0.0285714 18.897 0.0285714   90.8
17.529 0.0142857 17.529 0.0142857   91.2
15.386 0.0285714 15.386 0.0285714   92.2
15.145 0.0000000 15.145 0.0000000   91.7
13.779 0.0285714 13.779 0.0285714   91.8
13.897 0.0000000 13.897 0.0000000   91.9
12.408 0.0142857 12.408 0.0142857   92.4
12.409 0.0000000 12.409 0.0000000   92.2
13.420 -0.0142857 13.420 -0.0142857   91.8
13.717 0.0000000 13.717 0.0000000   92.3
14.134 -0.0142857 14.134 -0.0142857   92.3
16.402 -0.0285714 16.402 -0.0285714   91.9
15.804 0.0142857 15.804 0.0142857   92.9
17.052 -0.0285714 17.052 -0.0285714   91.9
20.985 -0.0428571 20.985 -0.0428571   91.9
20.328 0.0000000 20.328 0.0000000   91.2
21.816 -0.0142857 21.816 -0.0142857   90.3
22.476 -0.0142857 22.476 -0.0142857   91.0
23.541 -0.0142857 23.541 -0.0142857   91.1
23.838 0.0000000 23.838 0.0000000   91.1
25.564 -0.0285714 25.564 -0.0285714   90.7
25.985 0.0000000 25.985 0.0000000   90.9
26.875 -0.0142857 26.875 -0.0142857   90.0
27.709 -0.0142857 27.709 -0.0142857   91.7
28.486 -0.0142857 28.486 -0.0142857   90.5
30.156 -0.0285714 30.156 -0.0285714   90.2
32.116 -0.0285714 32.116 -0.0285714   89.8
32.000 0.0000000 32.000 0.0000000   88.7
33.789 -0.0142857 33.789 -0.0142857   91.4
35.098 -0.0285714 35.098 -0.0285714   89.0
36.411 -0.0142857 36.411 -0.0142857   89.5
36.406 0.0000000 36.406 0.0000000   87.7
36.300 0.0000000 36.300 0.0000000   90.4
38.551 -0.0285714 38.551 -0.0285714   88.4
38.667 0.0000000 38.667 0.0000000   88.8
39.508 -0.0142857 39.508 -0.0142857   88.4
38.016 0.0142857 38.016 0.0142857   88.5
38.959 0.0000000 38.959 0.0000000   88.6
38.966 0.0000000 38.966 0.0000000   88.5
38.496 0.0000000 38.496 0.0000000   89.0
38.369 0.0000000 38.369 0.0000000   88.6
38.550 0.0000000 38.550 0.0000000   89.1
38.678 0.0000000 38.678 0.0000000   88.9
38.261 0.0000000 38.261 0.0000000   88.9
37.303 0.0142857 37.303 0.0142857   88.7
35.879 0.0285714 35.879 0.0285714   88.6
36.579 -0.0142857 36.579 -0.0142857   88.6
34.139 0.0285714 34.139 0.0285714   90.0
34.681 0.0000000 34.681 0.0000000   88.6
33.194 0.0142857 33.194 0.0142857   90.1
32.409 0.0142857 32.409 0.0142857   89.9
31.586 0.0142857 31.586 0.0142857   89.3
30.748 0.0142857 30.748 0.0142857   89.6
30.328 0.0000000 30.328 0.0000000   89.2
29.376 0.0142857 29.376 0.0142857   91.4
28.419 0.0142857 28.419 0.0142857   89.2
27.474 0.0142857 27.474 0.0142857   90.7
27.359 0.0000000 27.359 0.0000000   89.9
26.405 0.0142857 26.405 0.0142857   89.8
25.510 0.0142857 25.510 0.0142857   89.7
24.615 0.0142857 24.615 0.0142857   91.5
24.258 0.0000000 24.258 0.0000000   90.7
24.079 0.0000000 24.079 0.0000000   91.0
23.487 0.0142857 23.487 0.0142857   90.4
23.011 0.0000000 23.011 0.0000000   91.3
22.710 0.0142857 22.710 0.0142857   91.0
22.476 0.0000000 22.476 0.0000000   91.2
22.416 0.0000000 22.416 0.0000000   90.9
22.891 0.0000000 22.891 0.0000000   90.8
23.426 -0.0142857 23.426 -0.0142857   91.1
22.775 0.0142857 22.775 0.0142857   91.0
23.484 -0.0142857 23.484 -0.0142857   91.1
23.422 0.0000000 23.422 0.0000000   91.2
23.845 0.0000000 23.845 0.0000000   91.1
24.319 -0.0142857 24.319 -0.0142857   91.2
24.855 0.0000000 24.855 0.0000000   90.9
24.085 0.0000000 24.085 0.0000000   91.1
25.569 -0.0142857 25.569 -0.0142857   91.2
25.387 0.0000000 25.387 0.0000000   90.9
26.943 -0.0142857 26.943 -0.0142857   90.9
26.769 0.0000000 26.769 0.0000000   90.9
27.114 -0.0142857 27.114 -0.0142857   91.0
28.308 -0.0142857 28.308 -0.0142857   90.9
28.542 0.0000000 28.542 0.0000000   89.8
29.324 -0.0142857 29.324 -0.0142857   90.2
29.860 0.0000000 29.860 0.0000000   90.2
30.522 -0.0142857 30.522 -0.0142857   90.0
30.626 0.0000000 30.626 0.0000000   90.2
31.109 -0.0142857 31.109 -0.0142857   89.6
31.102 0.0000000 31.102 0.0000000   89.9
31.464 0.0000000 31.464 0.0000000   89.7
33.363 -0.0285714 33.363 -0.0285714   90.1
32.294 0.0142857 32.294 0.0142857   89.4
31.943 0.0142857 31.943 0.0142857   89.7
32.783 -0.0142857 32.783 -0.0142857   89.4
33.073 -0.0142857 33.073 -0.0142857   89.6
31.996 0.0285714 31.996 0.0285714   89.7
33.071 -0.0285714 33.071 -0.0285714   89.6
31.522 0.0285714 31.522 0.0285714   89.9
31.162 0.0000000 31.162 0.0000000   89.5
30.747 0.0142857 30.747 0.0142857   89.5
30.753 0.0000000 30.753 0.0000000   89.6
29.861 0.0142857 29.861 0.0142857   89.8
29.377 0.0000000 29.377 0.0000000   89.0
29.261 0.0000000 29.261 0.0000000   91.4
29.077 0.0000000 29.077 0.0000000   89.3
28.547 0.0142857 28.547 0.0142857   90.7
27.534 0.0142857 27.534 0.0142857   89.6
27.356 0.0000000 27.356 0.0000000   90.1
26.755 0.0142857 26.755 0.0142857   90.2
25.804 0.0142857 25.804 0.0142857   90.2
26.173 -0.0142857 26.173 -0.0142857   91.5
25.692 0.0142857 25.692 0.0142857   90.7
24.916 0.0142857 24.916 0.0142857   91.2
24.615 0.0000000 24.615 0.0000000   90.9
24.918 0.0000000 24.918 0.0000000   90.8
24.862 0.0000000 24.862 0.0000000   90.8
24.912 0.0000000 24.912 0.0000000   91.0
25.029 -0.0142857 25.029 -0.0142857   91.0
25.627 0.0000000 25.627 0.0000000   90.7
25.394 0.0000000 25.394 0.0000000   90.6
26.052 -0.0142857 26.052 -0.0142857   90.9
25.445 0.0142857 25.445 0.0142857   90.9
25.335 0.0000000 25.335 0.0000000   90.6
26.519 -0.0142857 26.519 -0.0142857   91.0
26.824 0.0000000 26.824 0.0000000   91.1
26.284 0.0000000 26.284 0.0000000   90.7
26.698 0.0000000 26.698 0.0000000   90.8
27.532 -0.0142857 27.532 -0.0142857   90.5
27.893 0.0000000 27.893 0.0000000   90.5
28.192 -0.0142857 28.192 -0.0142857   91.0
27.598 0.0142857 27.598 0.0142857   90.6
28.317 -0.0142857 28.317 -0.0142857   89.7
28.486 0.0000000 28.486 0.0000000   90.7
29.030 -0.0142857 29.030 -0.0142857   90.6
29.141 0.0000000 29.141 0.0000000   90.5
29.210 0.0000000 29.210 0.0000000   90.1
29.148 0.0000000 29.148 0.0000000   89.9
28.606 0.0142857 28.606 0.0142857   90.6
28.537 0.0000000 28.537 0.0000000   89.8
28.430 0.0000000 28.430 0.0000000   90.3
28.315 0.0000000 28.315 0.0000000   90.1
28.666 0.0000000 28.666 0.0000000   90.1
27.655 0.0142857 27.655 0.0142857   90.0
27.530 0.0000000 27.530 0.0000000   90.0
28.182 -0.0142857 28.182 -0.0142857   89.8
27.532 0.0142857 27.532 0.0142857   90.2
27.236 0.0000000 27.236 0.0000000   90.3
26.998 0.0142857 26.998 0.0142857   90.3
26.276 0.0000000 26.276 0.0000000   89.9
26.877 0.0000000 26.877 0.0000000   90.4
26.225 0.0000000 26.225 0.0000000   90.4
26.936 0.0000000 26.936 0.0000000   90.5
25.923 0.0142857 25.923 0.0142857   90.2
26.520 -0.0142857 26.520 -0.0142857   90.1
26.047 0.0000000 26.047 0.0000000   90.3
23.900 0.0428571 23.900 0.0428571   90.1
21.456 0.0285714 21.456 0.0285714   90.4
21.164 0.0000000 21.164 0.0000000   92.3
19.194 0.0285714 19.194 0.0285714   91.0
15.741 0.0571429 15.741 0.0571429   90.8
14.912 0.0142857 14.912 0.0142857   92.0
12.822 0.0285714 12.822 0.0285714   93.1
11.453 0.0142857 11.453 0.0142857   90.8
10.680 0.0142857 10.680 0.0142857   92.8
 9.963 0.0142857  9.963 0.0142857   92.3
 9.548 0.0000000  9.548 0.0000000   93.0
 8.952 0.0142857  8.952 0.0142857   92.8
 9.369 -0.0142857  9.369 -0.0142857   92.5
 9.014 0.0000000  9.014 0.0000000   92.1
 9.370 0.0000000  9.370 0.0000000   93.3
10.263 -0.0142857 10.263 -0.0142857   92.6
11.275 -0.0142857 11.275 -0.0142857   92.7
12.048 -0.0142857 12.048 -0.0142857   92.6
13.362 -0.0142857 13.362 -0.0142857   92.8
14.909 -0.0142857 14.909 -0.0142857   92.8
16.575 -0.0285714 16.575 -0.0285714   91.9
18.363 -0.0285714 18.363 -0.0285714   92.7
21.582 -0.0428571 21.582 -0.0428571   90.9
21.816 0.0000000 21.816 0.0000000   91.3
23.418 -0.0285714 23.418 -0.0285714   89.6
24.205 -0.0142857 24.205 -0.0142857   91.1
24.980 0.0000000 24.980 0.0000000   90.6
26.231 -0.0285714 26.231 -0.0285714   90.9
28.372 -0.0285714 28.372 -0.0285714   89.8
30.464 -0.0285714 30.464 -0.0285714   90.3
30.692 0.0000000 30.692 0.0000000   89.3
32.773 -0.0285714 32.773 -0.0285714   89.6
33.677 -0.0142857 33.677 -0.0142857   89.9
36.770 -0.0428571 36.770 -0.0428571   89.9
38.137 -0.0285714 38.137 -0.0285714   88.9
39.506 -0.0142857 39.506 -0.0142857   87.9
39.746 0.0000000 39.746 0.0000000   90.5
41.481 -0.0285714 41.481 -0.0285714   88.3
41.877 0.0000000 41.877 0.0000000   88.3
43.448 -0.0285714 43.448 -0.0285714   88.8
43.559 0.0000000 43.559 0.0000000   88.5
44.284 -0.0142857 44.284 -0.0142857   88.6
44.392 0.0000000 44.392 0.0000000   87.9
44.216 0.0000000 44.216 0.0000000   88.4
43.494 0.0142857 43.494 0.0142857   88.2
43.863 0.0000000 43.863 0.0000000   88.0
41.948 0.0285714 41.948 0.0285714   87.8
41.584 0.0000000 41.584 0.0000000   88.0
40.278 0.0142857 40.278 0.0142857   88.1
39.630 0.0142857 39.630 0.0142857   87.9
37.594 0.0285714 37.594 0.0285714   87.9
36.644 0.0142857 36.644 0.0142857   89.2
35.573 0.0142857 35.573 0.0142857   89.8
33.366 0.0285714 33.366 0.0285714   88.7
31.935 0.0285714 31.935 0.0285714   89.4
30.329 0.0142857 30.329 0.0142857   89.9
28.841 0.0285714 28.841 0.0285714   89.5
27.658 0.0142857 27.658 0.0142857   90.5
26.400 0.0142857 26.400 0.0142857   90.8
24.915 0.0285714 24.915 0.0285714   89.9
24.256 0.0000000 24.256 0.0000000   90.4
23.306 0.0142857 23.306 0.0142857   92.7
21.581 0.0285714 21.581 0.0285714   90.6
20.449 0.0142857 20.449 0.0142857   90.5
20.626 0.0000000 20.626 0.0000000   90.6
17.830 0.0428571 17.830 0.0428571   91.5
17.234 0.0000000 17.234 0.0000000   91.2
16.403 0.0142857 16.403 0.0142857   92.7
13.182 0.0428571 13.182 0.0428571   91.7
13.183 0.0000000 13.183 0.0000000   91.7
12.825 0.0142857 12.825 0.0142857   93.5
12.647 0.0000000 12.647 0.0000000   92.1
12.707 0.0000000 12.707 0.0000000   92.1
12.827 0.0000000 12.827 0.0000000   92.5
13.482 -0.0142857 13.482 -0.0142857   92.0
14.251 -0.0142857 14.251 -0.0142857   92.0
14.372 0.0000000 14.372 0.0000000   91.6
14.968 0.0000000 14.968 0.0000000   92.4
17.051 -0.0428571 17.051 -0.0428571   91.9
18.362 -0.0142857 18.362 -0.0142857   91.8
19.080 -0.0142857 19.080 -0.0142857   89.9
20.505 -0.0142857 20.505 -0.0142857   92.6
21.457 -0.0142857 21.457 -0.0142857   91.0
22.179 -0.0142857 22.179 -0.0142857   91.1
24.258 -0.0285714 24.258 -0.0285714   91.2
24.671 0.0000000 24.671 0.0000000   90.0
26.047 -0.0285714 26.047 -0.0285714   90.3
26.934 0.0000000 26.934 0.0000000   91.3
28.246 -0.0285714 28.246 -0.0285714   90.3
29.083 -0.0142857 29.083 -0.0142857   89.9
30.391 -0.0142857 30.391 -0.0142857   89.4
30.691 0.0000000 30.691 0.0000000   91.1
33.433 -0.0428571 33.433 -0.0428571   89.1
32.360 0.0142857 32.360 0.0142857   89.9
34.203 -0.0285714 34.203 -0.0285714   88.2
34.145 0.0000000 34.145 0.0000000   91.2
34.914 0.0000000 34.914 0.0000000   88.5
36.822 -0.0285714 36.822 -0.0285714   90.5
36.645 0.0000000 36.645 0.0000000   88.8
37.597 -0.0142857 37.597 -0.0142857   89.1
38.014 -0.0142857 38.014 -0.0142857   88.8
38.790 0.0000000 38.790 0.0000000   88.8
38.491 0.0000000 38.491 0.0000000   89.0
39.926 -0.0142857 39.926 -0.0142857   88.8
39.508 0.0000000 39.508 0.0000000   89.2
38.963 0.0142857 38.963 0.0142857   88.2
38.485 0.0000000 38.485 0.0000000   88.7
38.737 0.0000000 38.737 0.0000000   88.7
37.596 0.0142857 37.596 0.0142857   89.0
37.183 0.0000000 37.183 0.0000000   88.5
37.181 0.0000000 37.181 0.0000000   88.6
36.639 0.0142857 36.639 0.0142857   88.7
36.411 0.0000000 36.411 0.0000000   88.3
35.813 0.0142857 35.813 0.0142857   88.5
34.615 0.0142857 34.615 0.0142857   88.4
33.780 0.0142857 33.780 0.0142857   90.6
32.481 0.0142857 32.481 0.0142857   88.6
31.581 0.0142857 31.581 0.0142857   91.0
31.057 0.0000000 31.057 0.0000000   89.0
30.513 0.0142857 30.513 0.0142857   90.0
29.015 0.0142857 29.015 0.0142857   89.6
28.019 0.0142857 28.019 0.0142857   90.0
27.000 0.0142857 27.000 0.0142857   89.7
25.871 0.0285714 25.871 0.0285714   91.3
25.334 0.0000000 25.334 0.0000000   89.8
25.688 0.0000000 25.688 0.0000000   90.8
24.318 0.0142857 24.318 0.0142857   91.1
23.179 0.0142857 23.179 0.0142857   90.9
23.372 0.0000000 23.372 0.0000000   90.9
23.306 0.0000000 23.306 0.0000000   90.9
22.475 0.0142857 22.475 0.0142857   90.8
23.069 -0.0142857 23.069 -0.0142857   90.9
21.640 0.0285714 21.640 0.0285714   90.8
22.051 -0.0142857 22.051 -0.0142857   90.9
21.641 0.0142857 21.641 0.0142857   91.0
22.593 -0.0142857 22.593 -0.0142857   91.7
22.821 0.0000000 22.821 0.0000000   91.6
22.708 0.0000000 22.708 0.0000000   91.1
23.603 -0.0142857 23.603 -0.0142857   91.4
23.724 0.0000000 23.724 0.0000000   90.8
24.797 -0.0142857 24.797 -0.0142857   90.5
23.722 0.0142857 23.722 0.0142857   90.6
24.496 -0.0142857 24.496 -0.0142857   90.5
26.109 -0.0285714 26.109 -0.0285714   90.9
26.394 0.0000000 26.394 0.0000000   90.7
26.292 0.0000000 26.292 0.0000000   90.1
27.113 -0.0142857 27.113 -0.0142857   90.7
28.249 -0.0142857 28.249 -0.0142857   90.7
28.015 0.0000000 28.015 0.0000000   90.6
29.029 -0.0142857 29.029 -0.0142857   90.4
30.101 -0.0142857 30.101 -0.0142857   90.4
29.737 0.0142857 29.737 0.0142857   90.5
30.214 -0.0142857 30.214 -0.0142857   90.1
30.631 0.0000000 30.631 0.0000000   90.7
