=~=~=~=~=~=~=~=~=~=~=~= PuTTY log 2020.07.22 20:41:04 =~=~=~=~=~=~=~=~=~=~=~=
OLA
Saving data, wait a bit
Pos velocidade pos_c velo_c ang
24.084 0.0000000 24.084 0.0000000   91.1
21.887 0.0428571 21.887 0.0428571   90.5
25.213 -0.0571429 25.213 -0.0571429   90.6
25.567 0.0000000 25.567 0.0000000   90.9
28.015 -0.0428571 28.015 -0.0428571   88.7
30.702 -0.0285714 30.702 -0.0285714   92.3
32.008 -0.0285714 32.008 -0.0285714   87.8
34.394 -0.0285714 34.394 -0.0285714   89.1
36.894 -0.0285714 36.894 -0.0285714   90.1
38.546 -0.0285714 38.546 -0.0285714   88.5
39.214 -0.0142857 39.214 -0.0142857   89.2
40.936 -0.0142857 40.936 -0.0142857   88.9
42.495 -0.0285714 42.495 -0.0285714   88.4
43.323 -0.0142857 43.323 -0.0142857   88.1
44.932 -0.0142857 44.932 -0.0142857   88.7
44.989 0.0000000 44.989 0.0000000   87.8
45.763 -0.0142857 45.763 -0.0142857   88.0
45.463 0.0000000 45.463 0.0000000   87.3
45.406 0.0000000 45.406 0.0000000   88.0
44.742 0.0142857 44.742 0.0142857   87.8
45.297 -0.0142857 45.297 -0.0142857   88.2
43.923 0.0285714 43.923 0.0285714   88.0
42.913 0.0142857 42.913 0.0142857   88.3
41.710 0.0142857 41.710 0.0142857   87.9
41.651 0.0000000 41.651 0.0000000   88.0
39.584 0.0285714 39.584 0.0285714   87.9
38.264 0.0142857 38.264 0.0142857   87.9
36.716 0.0285714 36.716 0.0285714   90.4
35.108 0.0142857 35.108 0.0142857   88.0
33.490 0.0285714 33.490 0.0285714   89.8
32.191 0.0142857 32.191 0.0142857   89.0
29.630 0.0428571 29.630 0.0428571   90.8
28.376 0.0142857 28.376 0.0142857   89.2
26.703 0.0285714 26.703 0.0285714   90.3
24.978 0.0285714 24.978 0.0285714   90.6
23.734 0.0142857 23.734 0.0142857   90.4
24.738 -0.0142857 24.738 -0.0142857   92.2
21.942 0.0428571 21.942 0.0428571   90.6
21.818 0.0000000 21.818 0.0000000   90.4
19.559 0.0285714 19.559 0.0285714   91.9
17.417 0.0285714 17.417 0.0285714   90.9
15.983 0.0285714 15.983 0.0285714   91.0
14.202 0.0142857 14.202 0.0142857   93.2
13.544 0.0142857 13.544 0.0142857   91.4
13.069 0.0000000 13.069 0.0000000   91.6
12.234 0.0142857 12.234 0.0142857   92.6
11.578 0.0142857 11.578 0.0142857   92.1
11.578 0.0000000 11.578 0.0000000   91.3
12.113 -0.0142857 12.113 -0.0142857   92.4
11.519 0.0142857 11.519 0.0142857   92.4
11.938 0.0000000 11.938 0.0000000   92.5
13.722 -0.0285714 13.722 -0.0285714   92.0
14.850 -0.0142857 14.850 -0.0142857   91.9
15.272 -0.0142857 15.272 -0.0142857   92.1
19.678 -0.0571429 19.678 -0.0571429   92.6
21.404 -0.0285714 21.404 -0.0285714   90.8
20.330 0.0142857 20.330 0.0142857   90.6
22.063 -0.0285714 22.063 -0.0285714   92.7
23.318 -0.0142857 23.318 -0.0142857   90.5
24.677 -0.0142857 24.677 -0.0142857   90.7
25.156 -0.0142857 25.156 -0.0142857   91.0
25.754 0.0000000 25.754 0.0000000   89.6
27.061 -0.0285714 27.061 -0.0285714   90.7
27.128 0.0000000 27.128 0.0000000   90.3
30.158 -0.0428571 30.158 -0.0428571   89.6
31.894 -0.0142857 31.894 -0.0142857   89.9
34.027 -0.0428571 34.027 -0.0428571   89.0
35.634 -0.0142857 35.634 -0.0142857   89.3
37.240 -0.0285714 37.240 -0.0285714   87.8
39.446 -0.0285714 39.446 -0.0285714   89.6
41.004 -0.0285714 41.004 -0.0285714   87.9
41.240 0.0000000 41.240 0.0000000   88.8
40.761 0.0142857 40.761 0.0142857   88.4
40.409 0.0000000 40.409 0.0000000   88.5
43.320 -0.0428571 43.320 -0.0428571   88.2
42.597 0.0142857 42.597 0.0142857   87.7
42.251 0.0000000 42.251 0.0000000   88.3
41.303 0.0142857 41.303 0.0142857   87.4
43.149 -0.0285714 43.149 -0.0285714   88.1
37.907 0.0857143 37.907 0.0857143   88.0
41.349 -0.0571429 41.349 -0.0571429   86.3
39.084 0.0285714 39.084 0.0285714   88.6
33.728 0.0857143 33.728 0.0857143   88.2
38.734 -0.0714286 38.734 -0.0714286   93.8
37.070 0.0142857 37.070 0.0142857   87.2
35.879 0.0285714 35.879 0.0285714   88.4
34.984 0.0142857 34.984 0.0142857   90.2
33.724 0.0142857 33.724 0.0142857   87.3
32.477 0.0142857 32.477 0.0142857   88.8
31.119 0.0142857 31.119 0.0142857   90.8
30.278 0.0142857 30.278 0.0142857   89.2
28.609 0.0285714 28.609 0.0285714   89.9
27.723 0.0142857 27.723 0.0142857   89.2
27.304 0.0000000 27.304 0.0000000   90.5
25.932 0.0285714 25.932 0.0285714   90.0
25.100 0.0000000 25.100 0.0000000   90.6
24.321 0.0142857 24.321 0.0142857   90.6
23.194 0.0142857 23.194 0.0142857   90.5
21.638 0.0285714 21.638 0.0285714   90.0
20.986 0.0142857 20.986 0.0142857   91.0
18.665 0.0285714 18.665 0.0285714   91.5
18.609 0.0000000 18.609 0.0000000   90.6
16.580 0.0285714 16.580 0.0285714   91.7
18.190 -0.0285714 18.190 -0.0285714   91.4
16.164 0.0285714 16.164 0.0285714   91.8
16.046 0.0000000 16.046 0.0000000   91.5
16.998 0.0000000 16.998 0.0000000   91.3
17.649 -0.0142857 17.649 -0.0142857   91.6
17.597 0.0000000 17.597 0.0000000   91.5
19.438 -0.0285714 19.438 -0.0285714   91.9
21.822 -0.0285714 21.822 -0.0285714   91.8
19.682 0.0285714 19.682 0.0285714   90.5
21.469 -0.0285714 21.469 -0.0285714   90.8
22.242 -0.0142857 22.242 -0.0142857   92.1
22.245 0.0000000 22.245 0.0000000   89.8
23.617 -0.0142857 23.617 -0.0142857   90.8
24.029 -0.0142857 24.029 -0.0142857   91.7
23.670 0.0142857 23.670 0.0142857   90.5
24.625 -0.0142857 24.625 -0.0142857   90.4
26.352 -0.0285714 26.352 -0.0285714   91.5
25.815 0.0142857 25.815 0.0142857   89.9
25.871 0.0000000 25.871 0.0000000   90.7
27.004 -0.0285714 27.004 -0.0285714   90.6
28.135 -0.0142857 28.135 -0.0142857   90.3
28.496 0.0000000 28.496 0.0000000   89.8
28.197 0.0000000 28.197 0.0000000   90.2
29.813 -0.0142857 29.813 -0.0142857   90.1
33.733 -0.0571429 33.733 -0.0571429   90.1
39.157 -0.0857143 39.157 -0.0857143   89.1
42.019 -0.0428571 42.019 -0.0428571   88.0
39.211 0.0428571 39.211 0.0428571   88.1
45.179 -0.0857143 45.179 -0.0857143   87.8
46.898 -0.0142857 46.898 -0.0142857   88.1
50.362 -0.0571429 50.362 -0.0571429   87.1
51.313 -0.0142857 51.313 -0.0142857   88.8
56.843 -0.0714286 56.843 -0.0714286   84.9
53.393 0.0428571 53.393 0.0428571   87.4
51.601 0.0285714 51.601 0.0285714   85.4
49.407 0.0285714 49.407 0.0285714   87.9
48.098 0.0142857 48.098 0.0142857   85.5
47.916 0.0142857 47.916 0.0142857   90.7
46.608 0.0142857 46.608 0.0142857   86.4
44.942 0.0285714 44.942 0.0285714   88.7
41.711 0.0428571 41.711 0.0428571   86.8
40.403 0.0142857 40.403 0.0142857   89.4
38.442 0.0285714 38.442 0.0285714   88.0
36.537 0.0285714 36.537 0.0285714   88.0
34.447 0.0285714 34.447 0.0285714   88.4
32.253 0.0285714 32.253 0.0285714   90.5
29.682 0.0428571 29.682 0.0428571   88.7
28.080 0.0142857 28.080 0.0142857   91.4
26.356 0.0285714 26.356 0.0285714   91.2
25.152 0.0142857 25.152 0.0142857   89.7
23.249 0.0285714 23.249 0.0285714   89.9
21.230 0.0285714 21.230 0.0285714   90.1
21.345 0.0000000 21.345 0.0000000   91.7
17.000 0.0571429 17.000 0.0571429   90.4
14.141 0.0428571 14.141 0.0428571   91.1
12.705 0.0285714 12.705 0.0285714   92.9
11.041 0.0142857 11.041 0.0142857   91.3
 9.494 0.0285714  9.494 0.0285714   92.4
 8.596 0.0142857  8.596 0.0142857   93.3
 7.766 0.0142857  7.766 0.0142857   93.7
 7.230 0.0000000  7.230 0.0000000   92.7
 6.037 0.0142857  6.037 0.0142857   92.4
 7.289 -0.0142857  7.289 -0.0142857   92.0
 6.455 0.0142857  6.455 0.0142857   94.0
 7.647 -0.0142857  7.647 -0.0142857   93.0
 7.289 0.0000000  7.289 0.0000000   93.1
 8.836 -0.0142857  8.836 -0.0142857   93.1
 9.673 -0.0142857  9.673 -0.0142857   92.8
10.206 -0.0142857 10.206 -0.0142857   92.4
10.741 0.0000000 10.741 0.0000000   92.7
12.414 -0.0285714 12.414 -0.0285714   92.3
14.613 -0.0285714 14.613 -0.0285714   92.6
18.369 -0.0571429 18.369 -0.0571429   92.3
21.110 -0.0428571 21.110 -0.0428571   91.9
21.829 0.0000000 21.829 0.0000000   90.3
23.730 -0.0285714 23.730 -0.0285714   91.8
25.574 -0.0285714 25.574 -0.0285714   91.0
25.398 0.0000000 25.398 0.0000000   90.0
27.784 -0.0285714 27.784 -0.0285714   91.5
29.984 -0.0285714 29.984 -0.0285714   90.0
31.063 -0.0285714 31.063 -0.0285714   89.8
33.791 -0.0285714 33.791 -0.0285714   90.5
35.291 -0.0285714 35.291 -0.0285714   89.3
37.065 -0.0285714 37.065 -0.0285714   89.3
38.747 -0.0142857 38.747 -0.0142857   88.8
41.120 -0.0428571 41.120 -0.0428571   89.2
42.435 -0.0142857 42.435 -0.0142857   87.9
43.972 -0.0142857 43.972 -0.0142857   88.3
44.873 -0.0142857 44.873 -0.0142857   88.1
45.172 -0.0142857 45.172 -0.0142857   88.3
46.231 -0.0142857 46.231 -0.0142857   88.6
47.490 -0.0142857 47.490 -0.0142857   88.0
47.859 0.0000000 47.859 0.0000000   88.0
47.154 0.0000000 47.154 0.0000000   87.7
47.195 0.0000000 47.195 0.0000000   87.8
48.331 -0.0142857 48.331 -0.0142857   87.9
45.948 0.0428571 45.948 0.0428571   86.9
46.015 -0.0142857 46.015 -0.0142857   88.7
45.117 0.0142857 45.117 0.0142857   87.4
45.894 0.0000000 45.894 0.0000000   87.5
43.870 0.0285714 43.870 0.0285714   88.2
43.026 0.0000000 43.026 0.0000000   87.3
42.485 0.0142857 42.485 0.0142857   88.8
40.418 0.0285714 40.418 0.0285714   88.7
39.525 0.0142857 39.525 0.0142857   87.9
37.954 0.0285714 37.954 0.0285714   89.5
36.356 0.0142857 36.356 0.0142857   88.7
34.216 0.0285714 34.216 0.0285714   89.0
32.078 0.0285714 32.078 0.0285714   88.5
30.758 0.0285714 30.758 0.0285714   91.1
29.449 0.0142857 29.449 0.0142857   89.6
27.778 0.0285714 27.778 0.0285714   90.0
26.464 0.0142857 26.464 0.0142857   90.5
26.112 0.0000000 26.112 0.0000000   90.2
23.189 0.0428571 23.189 0.0428571   91.1
22.421 0.0142857 22.421 0.0142857   90.8
21.345 0.0142857 21.345 0.0142857   90.9
19.500 0.0285714 19.500 0.0285714   90.1
21.526 -0.0285714 21.526 -0.0285714   91.5
15.688 0.0857143 15.688 0.0857143   92.0
15.154 0.0000000 15.154 0.0000000   91.8
13.484 0.0285714 13.484 0.0285714   93.6
12.471 0.0142857 12.471 0.0142857   89.2
12.650 0.0000000 12.650 0.0000000   92.0
11.518 0.0142857 11.518 0.0142857   93.0
11.517 0.0000000 11.517 0.0000000   92.0
12.114 -0.0142857 12.114 -0.0142857   92.2
11.994 0.0142857 11.994 0.0142857   91.8
11.994 0.0000000 11.994 0.0000000   92.2
13.844 -0.0285714 13.844 -0.0285714   92.1
14.973 -0.0142857 14.973 -0.0142857   92.0
16.703 -0.0285714 16.703 -0.0285714   92.4
18.670 -0.0285714 18.670 -0.0285714   91.7
19.982 -0.0142857 19.982 -0.0142857   91.0
22.236 -0.0428571 22.236 -0.0428571   90.8
21.936 0.0142857 21.936 0.0142857   91.7
23.792 -0.0285714 23.792 -0.0285714   89.7
25.275 -0.0285714 25.275 -0.0285714   92.1
25.336 0.0000000 25.336 0.0000000   90.5
27.245 -0.0285714 27.245 -0.0285714   89.9
28.199 -0.0142857 28.199 -0.0142857   91.5
29.450 -0.0142857 29.450 -0.0142857   90.6
30.345 -0.0142857 30.345 -0.0142857   89.8
32.129 -0.0285714 32.129 -0.0285714   90.5
33.441 -0.0142857 33.441 -0.0142857   89.6
35.219 -0.0285714 35.219 -0.0285714   90.4
35.998 0.0000000 35.998 0.0000000   88.9
37.189 -0.0285714 37.189 -0.0285714   88.5
38.565 -0.0142857 38.565 -0.0142857   90.5
38.918 0.0000000 38.918 0.0000000   88.9
40.111 -0.0285714 40.111 -0.0285714   89.0
40.649 0.0000000 40.649 0.0000000   88.7
40.995 0.0000000 40.995 0.0000000   88.2
40.700 0.0000000 40.700 0.0000000   88.8
41.473 -0.0142857 41.473 -0.0142857   88.7
40.401 0.0142857 40.401 0.0142857   88.7
40.046 0.0000000 40.046 0.0000000   88.3
39.505 0.0142857 39.505 0.0142857   88.9
38.857 0.0142857 38.857 0.0142857   88.9
38.556 0.0000000 38.556 0.0000000   89.2
37.240 0.0142857 37.240 0.0142857   88.8
35.883 0.0285714 35.883 0.0285714   89.0
35.169 0.0000000 35.169 0.0000000   90.3
33.617 0.0285714 33.617 0.0285714   88.9
32.481 0.0142857 32.481 0.0142857   89.4
31.290 0.0142857 31.290 0.0142857   89.6
30.223 0.0142857 30.223 0.0142857   90.2
29.151 0.0142857 29.151 0.0142857   89.7
28.066 0.0142857 28.066 0.0142857   89.7
27.414 0.0142857 27.414 0.0142857   91.5
26.288 0.0142857 26.288 0.0142857   90.1
26.109 0.0000000 26.109 0.0000000   90.7
24.565 0.0285714 24.565 0.0285714   90.1
24.027 0.0000000 24.027 0.0000000   89.9
24.736 0.0000000 24.736 0.0000000   91.9
23.015 0.0142857 23.015 0.0142857   90.1
22.719 0.0142857 22.719 0.0142857   90.6
20.693 0.0285714 20.693 0.0285714   91.4
21.284 -0.0142857 21.284 -0.0142857   90.5
19.853 0.0285714 19.853 0.0285714   91.9
21.044 -0.0285714 21.044 -0.0285714   91.5
19.496 0.0285714 19.496 0.0285714   91.9
18.961 0.0142857 18.961 0.0142857   89.5
19.796 -0.0142857 19.796 -0.0142857   91.2
19.794 0.0000000 19.794 0.0000000   92.5
19.971 0.0000000 19.971 0.0000000   91.7
19.026 0.0000000 19.026 0.0000000   91.6
19.858 0.0000000 19.858 0.0000000   91.7
21.169 -0.0285714 21.169 -0.0285714   91.9
20.394 0.0142857 20.394 0.0142857   91.3
21.047 -0.0142857 21.047 -0.0142857   89.8
21.645 0.0000000 21.645 0.0000000   91.8
23.908 -0.0285714 23.908 -0.0285714   90.5
22.418 0.0142857 22.418 0.0142857   91.2
24.803 -0.0285714 24.803 -0.0285714   90.0
24.148 0.0000000 24.148 0.0000000   90.9
24.796 0.0000000 24.796 0.0000000   90.8
25.038 -0.0142857 25.038 -0.0142857   90.9
26.169 -0.0142857 26.169 -0.0142857   90.6
26.347 0.0000000 26.347 0.0000000   91.0
26.940 0.0000000 26.940 0.0000000   91.3
27.420 -0.0142857 27.420 -0.0142857   90.6
26.596 0.0142857 26.596 0.0142857   90.7
27.950 -0.0142857 27.950 -0.0142857   91.0
27.547 0.0000000 27.547 0.0000000   91.0
28.010 -0.0142857 28.010 -0.0142857   90.6
28.907 0.0000000 28.907 0.0000000   90.4
29.319 -0.0142857 29.319 -0.0142857   90.6
29.269 0.0000000 29.269 0.0000000   90.2
30.163 -0.0142857 30.163 -0.0142857   90.8
30.987 0.0000000 30.987 0.0000000   89.7
30.933 0.0000000 30.933 0.0000000   90.2
31.763 -0.0142857 31.763 -0.0142857   90.2
32.128 -0.0142857 32.128 -0.0142857   89.6
32.595 0.0000000 32.595 0.0000000   89.7
32.541 0.0000000 32.541 0.0000000   89.9
32.481 0.0000000 32.481 0.0000000   89.7
32.844 0.0000000 32.844 0.0000000   89.5
34.389 -0.0285714 34.389 -0.0285714   89.7
33.258 0.0142857 33.258 0.0142857   89.0
33.793 0.0000000 33.793 0.0000000   89.4
33.736 0.0000000 33.736 0.0000000   89.0
34.030 -0.0142857 34.030 -0.0142857   89.2
33.383 0.0142857 33.383 0.0142857   89.5
33.616 0.0000000 33.616 0.0000000   89.3
32.902 0.0142857 32.902 0.0142857   89.3
33.081 -0.0142857 33.081 -0.0142857   89.5
31.955 0.0285714 31.955 0.0285714   89.3
32.129 -0.0142857 32.129 -0.0142857   89.5
31.886 0.0142857 31.886 0.0142857   91.0
31.650 0.0000000 31.650 0.0000000   89.8
31.591 0.0000000 31.591 0.0000000   90.4
31.114 0.0000000 31.114 0.0000000   90.1
31.115 0.0000000 31.115 0.0000000   89.6
31.167 0.0000000 31.167 0.0000000   90.2
31.650 0.0000000 31.650 0.0000000   89.8
32.237 -0.0142857 32.237 -0.0142857   89.8
31.950 0.0142857 31.950 0.0142857   90.1
31.591 0.0000000 31.591 0.0000000   90.2
32.125 -0.0142857 32.125 -0.0142857   90.1
32.303 0.0000000 32.303 0.0000000   90.3
32.012 0.0000000 32.012 0.0000000   90.0
32.961 0.0000000 32.961 0.0000000   89.9
33.503 -0.0142857 33.503 -0.0142857   90.2
33.197 0.0000000 33.197 0.0000000   90.3
32.845 0.0142857 32.845 0.0142857   89.7
32.422 0.0000000 32.422 0.0000000   90.2
